<?xml version="1.0" encoding="UTF-8"?>
<testsuite xmlns:xsi="http://www.w3.org/2001/XMLSchema-instance" xsi:schemaLocation="https://maven.apache.org/surefire/maven-surefire-plugin/xsd/surefire-test-report.xsd" name="TestSuite" time="102.529" tests="1" errors="0" skipped="0" failures="0">
  <properties>
    <property name="JOB_NAME" value="Integration_Maven"/>
    <property name="java.vendor" value="Oracle Corporation"/>
    <property name="sun.java.launcher" value="SUN_STANDARD"/>
    <property name="windows_tracing_logfile" value="C:\BVTBin\Tests\installpackage\csilogfile.log"/>
    <property name="NUMBER_OF_PROCESSORS" value="4"/>
    <property name="sun.management.compiler" value="HotSpot 64-Bit Tiered Compilers"/>
    <property name="JENKINS_HOME" value="C:\Program Files (x86)\Jenkins"/>
    <property name="HUDSON_SERVER_COOKIE" value="9cf672aedd6c9ef3"/>
    <property name="POM_ARTIFACTID" value="com.Hybridproject"/>
    <property name="os.name" value="Windows 7"/>
    <property name="EXECUTOR_NUMBER" value="1"/>
    <property name="sun.desktop" value="windows"/>
    <property name="PATHEXT" value=".COM;.EXE;.BAT;.CMD;.VBS;.VBE;.JS;.JSE;.WSF;.WSH;.MSC"/>
    <property name="POM_DISPLAYNAME" value="com.Hybridproject"/>
    <property name="java.vm.specification.vendor" value="Oracle Corporation"/>
    <property name="TEMP" value="C:\Windows\TEMP"/>
    <property name="NODE_LABELS" value="master"/>
    <property name="java.runtime.version" value="11+28"/>
    <property name="WINSW_SERVICE_ID" value="Jenkins"/>
    <property name="user.name" value="PUNITNANDA-PC$"/>
    <property name="guice.disable.misplaced.annotation.check" value="true"/>
    <property name="CommonProgramW6432" value="C:\Program Files\Common Files"/>
    <property name="ProgramFiles" value="C:\Program Files (x86)"/>
    <property name="user.language" value="en"/>
    <property name="JOB_BASE_NAME" value="Integration_Maven"/>
    <property name="RUN_CHANGES_DISPLAY_URL" value="http://localhost:8080/job/Integration_Maven/5/display/redirect?page=changes"/>
    <property name="BUILD_DISPLAY_NAME" value="#5"/>
    <property name="sun.boot.library.path" value="C:\Program Files\Java\jdk-11\bin"/>
    <property name="java.vm.compressedOopsMode" value="32-bit"/>
    <property name="LOCALAPPDATA" value="C:\Windows\system32\config\systemprofile\AppData\Local"/>
    <property name="java.version" value="11"/>
    <property name="user.timezone" value="Asia/Calcutta"/>
    <property name="PROCESSOR_LEVEL" value="6"/>
    <property name="USERNAME" value="PUNITNANDA-PC$"/>
    <property name="sun.arch.data.model" value="64"/>
    <property name="PROCESSOR_ARCHITEW6432" value="AMD64"/>
    <property name="NODE_NAME" value="master"/>
    <property name="BUILD_ID" value="5"/>
    <property name="sun.cpu.isalist" value="amd64"/>
    <property name="sun.jnu.encoding" value="Cp1252"/>
    <property name="ILBDIR" value="C:\Program Files (x86)\Common Files\Autodesk Shared\Materials\"/>
    <property name="maven.conf" value="C:\Program Files (x86)\Jenkins\tools\hudson.tasks.Maven_MavenInstallation\Maven\conf"/>
    <property name="file.separator" value="\"/>
    <property name="java.specification.name" value="Java Platform API Specification"/>
    <property name="java.class.version" value="55.0"/>
    <property name="org.slf4j.simpleLogger.defaultLogLevel" value="info"/>
    <property name="JRE_HOME" value="C:\Program Files\Java\jre1.8.0_251"/>
    <property name="user.country" value="US"/>
    <property name="ALLUSERSPROFILE" value="C:\ProgramData"/>
    <property name="java.home" value="C:\Program Files\Java\jdk-11"/>
    <property name="java.vm.info" value="mixed mode"/>
    <property name="os.version" value="6.1"/>
    <property name="RUN_DISPLAY_URL" value="http://localhost:8080/job/Integration_Maven/5/display/redirect"/>
    <property name="POM_VERSION" value="1.0-SNAPSHOT"/>
    <property name="TMP" value="C:\Windows\TEMP"/>
    <property name="path.separator" value=";"/>
    <property name="java.vm.version" value="11+28"/>
    <property name="user.variant" value=""/>
    <property name="CommonProgramFiles(x86)" value="C:\Program Files (x86)\Common Files"/>
    <property name="JOB_DISPLAY_URL" value="http://localhost:8080/job/Integration_Maven/display/redirect"/>
    <property name="FP_NO_HOST_CHECK" value="NO"/>
    <property name="java.awt.printerjob" value="sun.awt.windows.WPrinterJob"/>
    <property name="CommonProgramFiles" value="C:\Program Files (x86)\Common Files"/>
    <property name="JAVA_HOME" value="C:\Program Files\Java\jdk-11"/>
    <property name="sun.io.unicode.encoding" value="UnicodeLittle"/>
    <property name="ComSpec" value="C:\Windows\system32\cmd.exe"/>
    <property name="awt.toolkit" value="sun.awt.windows.WToolkit"/>
    <property name="POM_PACKAGING" value="jar"/>
    <property name="SERVICE_ID" value="Jenkins"/>
    <property name="COMPUTERNAME" value="PUNITNANDA-PC"/>
    <property name="user.script" value=""/>
    <property name="POM_GROUPID" value="com.Hybridproject"/>
    <property name="user.home" value="C:\Windows\system32\config\systemprofile"/>
    <property name="PUBLIC" value="C:\Users\Public"/>
    <property name="BUILD_TAG" value="jenkins-Integration_Maven-5"/>
    <property name="JENKINS_SERVER_COOKIE" value="9cf672aedd6c9ef3"/>
    <property name="HUDSON_URL" value="http://localhost:8080/"/>
    <property name="CM2012DIR" value="C:\Program Files (x86)\Common Files\Autodesk Shared\Materials\"/>
    <property name="ProgramData" value="C:\ProgramData"/>
    <property name="java.version.date" value="2018-09-25"/>
    <property name="java.specification.vendor" value="Oracle Corporation"/>
    <property name="USERPROFILE" value="C:\Windows\system32\config\systemprofile"/>
    <property name="CLASSPATH" value=""/>
    <property name="java.library.path" value="C:\Program Files\Java\jdk-11\bin;C:\Windows\Sun\Java\bin;C:\Windows\system32;C:\Windows;C:\Program Files (x86)\Jenkins\tools\hudson.tasks.Maven_MavenInstallation\Maven/bin;C:\Program Files\Java\jdk-11/bin;C:\Program Files\Java\jdk-11/bin;C:\ProgramData\Anaconda3;C:\ProgramData\Anaconda3\Library\mingw-w64\bin;C:\ProgramData\Anaconda3\Library\usr\bin;C:\ProgramData\Anaconda3\Library\bin;C:\ProgramData\Anaconda3\Scripts;C:\ProgramData\Oracle\Java\javapath;C:\Program Files (x86)\Python36-32\Scripts\;C:\Program Files (x86)\Python36-32\;C:\Program Files\Dell\DW WLAN Card;C:\Program Files (x86)\Intel\iCLS Client\;C:\Program Files\Intel\iCLS Client\;C:\Windows\system32;C:\Windows;C:\Windows\System32\Wbem;C:\Windows\System32\WindowsPowerShell\v1.0\;C:\Program Files (x86)\Intel\OpenCL SDK\2.0\bin\x86;C:\Program Files (x86)\Intel\OpenCL SDK\2.0\bin\x64;C:\Program Files\Intel\Intel(R) Management Engine Components\DAL;C:\Program Files\Intel\Intel(R) Management Engine Components\IPT;C:\Program Files (x86)\Intel\Intel(R) Management Engine Components\DAL;C:\Program Files (x86)\Intel\Intel(R) Management Engine Components\IPT;C:\Users\Punit Nanda\AppData\Local\Programs\Python\Python36-32\Scripts;C:\Program Files\WIDCOMM\Bluetooth Software\;E:\chromedriver.exe;C:\Users\Punit Nanda\AppData\Local\Android\Sdk\platforms;\C:\Windows\System32\adb;;C:\Program Files\Java\jre1.8.0_251\bin;C:\Users\Punit Nanda\AppData\Local\Android\Sdk\platforms;C:\Users\Punit Nanda\AppData\Local\Android\Sdk\platform-tools;C:\Program Files\Java\java-se-8u41-ri\bin;;."/>
    <property name="java.vendor.url" value="http://java.oracle.com/"/>
    <property name="java.vm.vendor" value="Oracle Corporation"/>
    <property name="APPDATA" value="C:\Windows\system32\config\systemprofile\AppData\Roaming"/>
    <property name="java.runtime.name" value="OpenJDK Runtime Environment"/>
    <property name="maven.home" value="C:\Program Files (x86)\Jenkins\tools\hudson.tasks.Maven_MavenInstallation\Maven"/>
    <property name="java.class.path" value="C:\Program Files (x86)\Jenkins\plugins\maven-plugin\WEB-INF\lib\maven35-agent-1.13.jar;C:\Program Files (x86)\Jenkins\tools\hudson.tasks.Maven_MavenInstallation\Maven\boot\plexus-classworlds-2.6.0.jar;C:\Program Files (x86)\Jenkins\tools\hudson.tasks.Maven_MavenInstallation\Maven/conf/logging"/>
    <property name="sun.java.command" value="jenkins.maven3.agent.Maven35Main C:\Program Files (x86)\Jenkins\tools\hudson.tasks.Maven_MavenInstallation\Maven C:\Program Files (x86)\Jenkins\war\WEB-INF\lib\remoting-4.3.jar C:\Program Files (x86)\Jenkins\plugins\maven-plugin\WEB-INF\lib\maven35-interceptor-1.13.jar C:\Program Files (x86)\Jenkins\plugins\maven-plugin\WEB-INF\lib\maven3-interceptor-commons-1.13.jar 51733"/>
    <property name="Path" value="C:\Program Files\Java\jdk-11/bin;C:\ProgramData\Anaconda3;C:\ProgramData\Anaconda3\Library\mingw-w64\bin;C:\ProgramData\Anaconda3\Library\usr\bin;C:\ProgramData\Anaconda3\Library\bin;C:\ProgramData\Anaconda3\Scripts;C:\ProgramData\Oracle\Java\javapath;C:\Program Files (x86)\Python36-32\Scripts\;C:\Program Files (x86)\Python36-32\;C:\Program Files\Dell\DW WLAN Card;C:\Program Files (x86)\Intel\iCLS Client\;C:\Program Files\Intel\iCLS Client\;C:\Windows\system32;C:\Windows;C:\Windows\System32\Wbem;C:\Windows\System32\WindowsPowerShell\v1.0\;C:\Program Files (x86)\Intel\OpenCL SDK\2.0\bin\x86;C:\Program Files (x86)\Intel\OpenCL SDK\2.0\bin\x64;C:\Program Files\Intel\Intel(R) Management Engine Components\DAL;C:\Program Files\Intel\Intel(R) Management Engine Components\IPT;C:\Program Files (x86)\Intel\Intel(R) Management Engine Components\DAL;C:\Program Files (x86)\Intel\Intel(R) Management Engine Components\IPT;C:\Users\Punit Nanda\AppData\Local\Programs\Python\Python36-32\Scripts;C:\Program Files\WIDCOMM\Bluetooth Software\;E:\chromedriver.exe;C:\Users\Punit Nanda\AppData\Local\Android\Sdk\platforms;\C:\Windows\System32\adb;;C:\Program Files\Java\jre1.8.0_251\bin;C:\Users\Punit Nanda\AppData\Local\Android\Sdk\platforms;C:\Users\Punit Nanda\AppData\Local\Android\Sdk\platform-tools;C:\Program Files\Java\java-se-8u41-ri\bin;"/>
    <property name="jdk.debug" value="release"/>
    <property name="PROCESSOR_ARCHITECTURE" value="x86"/>
    <property name="java.vm.specification.name" value="Java Virtual Machine Specification"/>
    <property name="PATH+JDK" value="C:\Program Files\Java\jdk-11/bin"/>
    <property name="PROCESSOR_IDENTIFIER" value="Intel64 Family 6 Model 58 Stepping 9, GenuineIntel"/>
    <property name="java.vm.specification.version" value="11"/>
    <property name="M2_HOME" value="C:\Program Files (x86)\Jenkins\tools\hudson.tasks.Maven_MavenInstallation\Maven"/>
    <property name="sun.cpu.endian" value="little"/>
    <property name="sun.os.patch.level" value="Service Pack 1"/>
    <property name="OS" value="Windows_NT"/>
    <property name="java.io.tmpdir" value="C:\Windows\TEMP\"/>
    <property name="HUDSON_HOME" value="C:\Program Files (x86)\Jenkins"/>
    <property name="PATH+MAVEN" value="C:\Program Files (x86)\Jenkins\tools\hudson.tasks.Maven_MavenInstallation\Maven/bin"/>
    <property name="ProgramFiles(x86)" value="C:\Program Files (x86)"/>
    <property name="java.vendor.url.bug" value="http://bugreport.java.com/bugreport/"/>
    <property name="BUILD_URL" value="http://localhost:8080/job/Integration_Maven/5/"/>
    <property name="SystemRoot" value="C:\Windows"/>
    <property name="os.arch" value="amd64"/>
    <property name="windows_tracing_flags" value="3"/>
    <property name="java.awt.graphicsenv" value="sun.awt.Win32GraphicsEnvironment"/>
    <property name="user.dir" value="C:\Users\Punit Nanda\Hybridproject"/>
    <property name="JOB_URL" value="http://localhost:8080/job/Integration_Maven/"/>
    <property name="USERDOMAIN" value="WORKGROUP"/>
    <property name="MAVEN_HOME" value="C:\Program Files (x86)\Jenkins\tools\hudson.tasks.Maven_MavenInstallation\Maven"/>
    <property name="line.separator" value="&#10;"/>
    <property name="java.vm.name" value="OpenJDK 64-Bit Server VM"/>
    <property name="BASE" value="C:\Program Files (x86)\Jenkins"/>
    <property name="BUILD_NUMBER" value="5"/>
    <property name="PROCESSOR_REVISION" value="3a09"/>
    <property name="JENKINS_URL" value="http://localhost:8080/"/>
    <property name="ProgramW6432" value="C:\Program Files"/>
    <property name="windir" value="C:\Windows"/>
    <property name="file.encoding" value="Cp1252"/>
    <property name="SystemDrive" value="C:"/>
    <property name="maven3.interceptor" value="C:\Program Files (x86)\Jenkins\plugins\maven-plugin\WEB-INF\lib\maven35-interceptor-1.13.jar"/>
    <property name="WORKSPACE_TMP" value="C:\Program Files (x86)\Jenkins\workspace\Integration_Maven@tmp"/>
    <property name="WORKSPACE" value="C:\Program Files (x86)\Jenkins\workspace\Integration_Maven"/>
    <property name="maven3.interceptor.common" value="C:\Program Files (x86)\Jenkins\plugins\maven-plugin\WEB-INF\lib\maven3-interceptor-commons-1.13.jar"/>
    <property name="WINSW_EXECUTABLE" value="C:\Program Files (x86)\Jenkins\jenkins.exe"/>
    <property name="PSModulePath" value="C:\Windows\system32\WindowsPowerShell\v1.0\Modules\"/>
    <property name="java.specification.version" value="11"/>
    <property name="java.vendor.version" value="18.9"/>
  </properties>
  <testcase name="loginTest" classname="com.Hybridproject.testCases.TC_LoginPage_001" time="32.659"/>
</testsuite>