<?xml version="1.0" encoding="UTF-8"?>
<!-- Generated by org.testng.reporters.JUnitReportReporter -->
<testsuite hostname="PunitNanda-PC" failures="0" tests="1" name="com.Hybridproject.testCases.TC_LoginPage_001" time="32.657" errors="0" timestamp="11 Jul 2020 16:25:07 GMT" skipped="0">
  <testcase classname="com.Hybridproject.testCases.TC_LoginPage_001" name="loginTest" time="32.657"/>
</testsuite> <!-- com.Hybridproject.testCases.TC_LoginPage_001 -->
